Terminals unused in grammar

    T_LBRACE
    T_RBRACE


Grammar

    0 $accept: program T_EOF

    1 program: statements

    2 directive: T_ORIGIN number
    3          | T_ALIAS8 T_IDENTIFIER T_COLON expression
    4          | T_ALIAS16 T_IDENTIFIER T_EQUAL expression
    5          | T_VAR16 T_IDENTIFIER T_EQUAL expression
    6          | T_VAR8 T_IDENTIFIER T_EQUAL expression
    7          | T_ASCII T_IDENTIFIER T_STRING

    8 number: T_INT
    9       | T_IDENTIFIER

   10 paren_expr: T_LPAREN expression T_RPAREN
   11           | T_LBRACK expression T_RBRACK

   12 expression: number
   13           | paren_expr
   14           | expression T_PLUS expression
   15           | expression T_MINUS expression
   16           | expression T_TIMES expression
   17           | expression T_DIVIDE expression
   18           | expression T_LSHIFT expression
   19           | expression T_RSHIFT expression
   20           | expression T_CARET expression
   21           | expression T_AMPERSAND expression
   22           | expression T_PIPE expression
   23           | T_MINUS expression
   24           | T_TILDE expression

   25 label: T_IDENTIFIER T_COLON

   26 operand: imm
   27        | mem
   28        | T_REGISTER

   29 instruction: T_IDENTIFIER
   30            | T_IDENTIFIER operand
   31            | T_IDENTIFIER operand T_COMMA operand

   32 statement: instruction
   33          | directive
   34          | label

   35 statement_with_endl: statement T_ENDL
   36                    | statement T_EOF
   37                    | T_ENDL

   38 statements: statements statement_with_endl
   39           | %empty

   40 imm: T_HASH number
   41    | T_HASH paren_expr

   42 mem: T_PERCENT number
   43    | T_PERCENT paren_expr


Terminals, with rules where they appear

    T_EOF (0) 0 36
    error (256)
    T_ENDL (258) 35 37
    T_INT <ival> (259) 8
    T_REGISTER <ival> (260) 28
    T_IDENTIFIER <sval> (261) 3 4 5 6 7 9 25 29 30 31
    T_STRING <sval> (262) 7
    T_PLUS (263) 14
    T_MINUS (264) 15 23
    T_TIMES (265) 16
    T_DIVIDE (266) 17
    T_LSHIFT (267) 18
    T_RSHIFT (268) 19
    T_AMPERSAND (269) 21
    T_CARET (270) 20
    T_TILDE (271) 24
    T_PIPE (272) 22
    T_COMMA (273) 31
    T_COLON (274) 3 25
    T_LPAREN (275) 10
    T_RPAREN (276) 10
    T_LBRACE (277)
    T_RBRACE (278)
    T_LBRACK (279) 11
    T_RBRACK (280) 11
    T_EQUAL (281) 4 5 6
    T_HASH (282) 40 41
    T_PERCENT (283) 42 43
    T_ORIGIN (284) 2
    T_VAR8 (285) 6
    T_VAR16 (286) 5
    T_ALIAS8 (287) 3
    T_ALIAS16 (288) 4
    T_ASCII (289) 7
    UNARY (290)


Nonterminals, with rules where they appear

    $accept (36)
        on left: 0
    program (37)
        on left: 1
        on right: 0
    directive (38)
        on left: 2 3 4 5 6 7
        on right: 33
    number <ival> (39)
        on left: 8 9
        on right: 2 12 40 42
    paren_expr <ival> (40)
        on left: 10 11
        on right: 13 41 43
    expression <ival> (41)
        on left: 12 13 14 15 16 17 18 19 20 21 22 23 24
        on right: 3 4 5 6 10 11 14 15 16 17 18 19 20 21 22 23 24
    label (42)
        on left: 25
        on right: 34
    operand <ival> (43)
        on left: 26 27 28
        on right: 30 31
    instruction (44)
        on left: 29 30 31
        on right: 32
    statement (45)
        on left: 32 33 34
        on right: 35 36
    statement_with_endl (46)
        on left: 35 36 37
        on right: 38
    statements (47)
        on left: 38 39
        on right: 1 38
    imm <ival> (48)
        on left: 40 41
        on right: 26
    mem <ival> (49)
        on left: 42 43
        on right: 27


State 0

    0 $accept: . program T_EOF

    $default  reduce using rule 39 (statements)

    program     go to state 1
    statements  go to state 2


State 1

    0 $accept: program . T_EOF

    T_EOF  shift, and go to state 3


State 2

    1 program: statements .
   38 statements: statements . statement_with_endl

    T_ENDL        shift, and go to state 4
    T_IDENTIFIER  shift, and go to state 5
    T_ORIGIN      shift, and go to state 6
    T_VAR8        shift, and go to state 7
    T_VAR16       shift, and go to state 8
    T_ALIAS8      shift, and go to state 9
    T_ALIAS16     shift, and go to state 10
    T_ASCII       shift, and go to state 11

    $default  reduce using rule 1 (program)

    directive            go to state 12
    label                go to state 13
    instruction          go to state 14
    statement            go to state 15
    statement_with_endl  go to state 16


State 3

    0 $accept: program T_EOF .

    $default  accept


State 4

   37 statement_with_endl: T_ENDL .

    $default  reduce using rule 37 (statement_with_endl)


State 5

   25 label: T_IDENTIFIER . T_COLON
   29 instruction: T_IDENTIFIER .
   30            | T_IDENTIFIER . operand
   31            | T_IDENTIFIER . operand T_COMMA operand

    T_REGISTER  shift, and go to state 17
    T_COLON     shift, and go to state 18
    T_HASH      shift, and go to state 19
    T_PERCENT   shift, and go to state 20

    $default  reduce using rule 29 (instruction)

    operand  go to state 21
    imm      go to state 22
    mem      go to state 23


State 6

    2 directive: T_ORIGIN . number

    T_INT         shift, and go to state 24
    T_IDENTIFIER  shift, and go to state 25

    number  go to state 26


State 7

    6 directive: T_VAR8 . T_IDENTIFIER T_EQUAL expression

    T_IDENTIFIER  shift, and go to state 27


State 8

    5 directive: T_VAR16 . T_IDENTIFIER T_EQUAL expression

    T_IDENTIFIER  shift, and go to state 28


State 9

    3 directive: T_ALIAS8 . T_IDENTIFIER T_COLON expression

    T_IDENTIFIER  shift, and go to state 29


State 10

    4 directive: T_ALIAS16 . T_IDENTIFIER T_EQUAL expression

    T_IDENTIFIER  shift, and go to state 30


State 11

    7 directive: T_ASCII . T_IDENTIFIER T_STRING

    T_IDENTIFIER  shift, and go to state 31


State 12

   33 statement: directive .

    $default  reduce using rule 33 (statement)


State 13

   34 statement: label .

    $default  reduce using rule 34 (statement)


State 14

   32 statement: instruction .

    $default  reduce using rule 32 (statement)


State 15

   35 statement_with_endl: statement . T_ENDL
   36                    | statement . T_EOF

    T_EOF   shift, and go to state 32
    T_ENDL  shift, and go to state 33


State 16

   38 statements: statements statement_with_endl .

    $default  reduce using rule 38 (statements)


State 17

   28 operand: T_REGISTER .

    $default  reduce using rule 28 (operand)


State 18

   25 label: T_IDENTIFIER T_COLON .

    $default  reduce using rule 25 (label)


State 19

   40 imm: T_HASH . number
   41    | T_HASH . paren_expr

    T_INT         shift, and go to state 24
    T_IDENTIFIER  shift, and go to state 25
    T_LPAREN      shift, and go to state 34
    T_LBRACK      shift, and go to state 35

    number      go to state 36
    paren_expr  go to state 37


State 20

   42 mem: T_PERCENT . number
   43    | T_PERCENT . paren_expr

    T_INT         shift, and go to state 24
    T_IDENTIFIER  shift, and go to state 25
    T_LPAREN      shift, and go to state 34
    T_LBRACK      shift, and go to state 35

    number      go to state 38
    paren_expr  go to state 39


State 21

   30 instruction: T_IDENTIFIER operand .
   31            | T_IDENTIFIER operand . T_COMMA operand

    T_COMMA  shift, and go to state 40

    $default  reduce using rule 30 (instruction)


State 22

   26 operand: imm .

    $default  reduce using rule 26 (operand)


State 23

   27 operand: mem .

    $default  reduce using rule 27 (operand)


State 24

    8 number: T_INT .

    $default  reduce using rule 8 (number)


State 25

    9 number: T_IDENTIFIER .

    $default  reduce using rule 9 (number)


State 26

    2 directive: T_ORIGIN number .

    $default  reduce using rule 2 (directive)


State 27

    6 directive: T_VAR8 T_IDENTIFIER . T_EQUAL expression

    T_EQUAL  shift, and go to state 41


State 28

    5 directive: T_VAR16 T_IDENTIFIER . T_EQUAL expression

    T_EQUAL  shift, and go to state 42


State 29

    3 directive: T_ALIAS8 T_IDENTIFIER . T_COLON expression

    T_COLON  shift, and go to state 43


State 30

    4 directive: T_ALIAS16 T_IDENTIFIER . T_EQUAL expression

    T_EQUAL  shift, and go to state 44


State 31

    7 directive: T_ASCII T_IDENTIFIER . T_STRING

    T_STRING  shift, and go to state 45


State 32

   36 statement_with_endl: statement T_EOF .

    $default  reduce using rule 36 (statement_with_endl)


State 33

   35 statement_with_endl: statement T_ENDL .

    $default  reduce using rule 35 (statement_with_endl)


State 34

   10 paren_expr: T_LPAREN . expression T_RPAREN

    T_INT         shift, and go to state 24
    T_IDENTIFIER  shift, and go to state 25
    T_MINUS       shift, and go to state 46
    T_TILDE       shift, and go to state 47
    T_LPAREN      shift, and go to state 34
    T_LBRACK      shift, and go to state 35

    number      go to state 48
    paren_expr  go to state 49
    expression  go to state 50


State 35

   11 paren_expr: T_LBRACK . expression T_RBRACK

    T_INT         shift, and go to state 24
    T_IDENTIFIER  shift, and go to state 25
    T_MINUS       shift, and go to state 46
    T_TILDE       shift, and go to state 47
    T_LPAREN      shift, and go to state 34
    T_LBRACK      shift, and go to state 35

    number      go to state 48
    paren_expr  go to state 49
    expression  go to state 51


State 36

   40 imm: T_HASH number .

    $default  reduce using rule 40 (imm)


State 37

   41 imm: T_HASH paren_expr .

    $default  reduce using rule 41 (imm)


State 38

   42 mem: T_PERCENT number .

    $default  reduce using rule 42 (mem)


State 39

   43 mem: T_PERCENT paren_expr .

    $default  reduce using rule 43 (mem)


State 40

   31 instruction: T_IDENTIFIER operand T_COMMA . operand

    T_REGISTER  shift, and go to state 17
    T_HASH      shift, and go to state 19
    T_PERCENT   shift, and go to state 20

    operand  go to state 52
    imm      go to state 22
    mem      go to state 23


State 41

    6 directive: T_VAR8 T_IDENTIFIER T_EQUAL . expression

    T_INT         shift, and go to state 24
    T_IDENTIFIER  shift, and go to state 25
    T_MINUS       shift, and go to state 46
    T_TILDE       shift, and go to state 47
    T_LPAREN      shift, and go to state 34
    T_LBRACK      shift, and go to state 35

    number      go to state 48
    paren_expr  go to state 49
    expression  go to state 53


State 42

    5 directive: T_VAR16 T_IDENTIFIER T_EQUAL . expression

    T_INT         shift, and go to state 24
    T_IDENTIFIER  shift, and go to state 25
    T_MINUS       shift, and go to state 46
    T_TILDE       shift, and go to state 47
    T_LPAREN      shift, and go to state 34
    T_LBRACK      shift, and go to state 35

    number      go to state 48
    paren_expr  go to state 49
    expression  go to state 54


State 43

    3 directive: T_ALIAS8 T_IDENTIFIER T_COLON . expression

    T_INT         shift, and go to state 24
    T_IDENTIFIER  shift, and go to state 25
    T_MINUS       shift, and go to state 46
    T_TILDE       shift, and go to state 47
    T_LPAREN      shift, and go to state 34
    T_LBRACK      shift, and go to state 35

    number      go to state 48
    paren_expr  go to state 49
    expression  go to state 55


State 44

    4 directive: T_ALIAS16 T_IDENTIFIER T_EQUAL . expression

    T_INT         shift, and go to state 24
    T_IDENTIFIER  shift, and go to state 25
    T_MINUS       shift, and go to state 46
    T_TILDE       shift, and go to state 47
    T_LPAREN      shift, and go to state 34
    T_LBRACK      shift, and go to state 35

    number      go to state 48
    paren_expr  go to state 49
    expression  go to state 56


State 45

    7 directive: T_ASCII T_IDENTIFIER T_STRING .

    $default  reduce using rule 7 (directive)


State 46

   23 expression: T_MINUS . expression

    T_INT         shift, and go to state 24
    T_IDENTIFIER  shift, and go to state 25
    T_MINUS       shift, and go to state 46
    T_TILDE       shift, and go to state 47
    T_LPAREN      shift, and go to state 34
    T_LBRACK      shift, and go to state 35

    number      go to state 48
    paren_expr  go to state 49
    expression  go to state 57


State 47

   24 expression: T_TILDE . expression

    T_INT         shift, and go to state 24
    T_IDENTIFIER  shift, and go to state 25
    T_MINUS       shift, and go to state 46
    T_TILDE       shift, and go to state 47
    T_LPAREN      shift, and go to state 34
    T_LBRACK      shift, and go to state 35

    number      go to state 48
    paren_expr  go to state 49
    expression  go to state 58


State 48

   12 expression: number .

    $default  reduce using rule 12 (expression)


State 49

   13 expression: paren_expr .

    $default  reduce using rule 13 (expression)


State 50

   10 paren_expr: T_LPAREN expression . T_RPAREN
   14 expression: expression . T_PLUS expression
   15           | expression . T_MINUS expression
   16           | expression . T_TIMES expression
   17           | expression . T_DIVIDE expression
   18           | expression . T_LSHIFT expression
   19           | expression . T_RSHIFT expression
   20           | expression . T_CARET expression
   21           | expression . T_AMPERSAND expression
   22           | expression . T_PIPE expression

    T_PLUS       shift, and go to state 59
    T_MINUS      shift, and go to state 60
    T_TIMES      shift, and go to state 61
    T_DIVIDE     shift, and go to state 62
    T_LSHIFT     shift, and go to state 63
    T_RSHIFT     shift, and go to state 64
    T_AMPERSAND  shift, and go to state 65
    T_CARET      shift, and go to state 66
    T_PIPE       shift, and go to state 67
    T_RPAREN     shift, and go to state 68


State 51

   11 paren_expr: T_LBRACK expression . T_RBRACK
   14 expression: expression . T_PLUS expression
   15           | expression . T_MINUS expression
   16           | expression . T_TIMES expression
   17           | expression . T_DIVIDE expression
   18           | expression . T_LSHIFT expression
   19           | expression . T_RSHIFT expression
   20           | expression . T_CARET expression
   21           | expression . T_AMPERSAND expression
   22           | expression . T_PIPE expression

    T_PLUS       shift, and go to state 59
    T_MINUS      shift, and go to state 60
    T_TIMES      shift, and go to state 61
    T_DIVIDE     shift, and go to state 62
    T_LSHIFT     shift, and go to state 63
    T_RSHIFT     shift, and go to state 64
    T_AMPERSAND  shift, and go to state 65
    T_CARET      shift, and go to state 66
    T_PIPE       shift, and go to state 67
    T_RBRACK     shift, and go to state 69


State 52

   31 instruction: T_IDENTIFIER operand T_COMMA operand .

    $default  reduce using rule 31 (instruction)


State 53

    6 directive: T_VAR8 T_IDENTIFIER T_EQUAL expression .
   14 expression: expression . T_PLUS expression
   15           | expression . T_MINUS expression
   16           | expression . T_TIMES expression
   17           | expression . T_DIVIDE expression
   18           | expression . T_LSHIFT expression
   19           | expression . T_RSHIFT expression
   20           | expression . T_CARET expression
   21           | expression . T_AMPERSAND expression
   22           | expression . T_PIPE expression

    T_PLUS       shift, and go to state 59
    T_MINUS      shift, and go to state 60
    T_TIMES      shift, and go to state 61
    T_DIVIDE     shift, and go to state 62
    T_LSHIFT     shift, and go to state 63
    T_RSHIFT     shift, and go to state 64
    T_AMPERSAND  shift, and go to state 65
    T_CARET      shift, and go to state 66
    T_PIPE       shift, and go to state 67

    $default  reduce using rule 6 (directive)


State 54

    5 directive: T_VAR16 T_IDENTIFIER T_EQUAL expression .
   14 expression: expression . T_PLUS expression
   15           | expression . T_MINUS expression
   16           | expression . T_TIMES expression
   17           | expression . T_DIVIDE expression
   18           | expression . T_LSHIFT expression
   19           | expression . T_RSHIFT expression
   20           | expression . T_CARET expression
   21           | expression . T_AMPERSAND expression
   22           | expression . T_PIPE expression

    T_PLUS       shift, and go to state 59
    T_MINUS      shift, and go to state 60
    T_TIMES      shift, and go to state 61
    T_DIVIDE     shift, and go to state 62
    T_LSHIFT     shift, and go to state 63
    T_RSHIFT     shift, and go to state 64
    T_AMPERSAND  shift, and go to state 65
    T_CARET      shift, and go to state 66
    T_PIPE       shift, and go to state 67

    $default  reduce using rule 5 (directive)


State 55

    3 directive: T_ALIAS8 T_IDENTIFIER T_COLON expression .
   14 expression: expression . T_PLUS expression
   15           | expression . T_MINUS expression
   16           | expression . T_TIMES expression
   17           | expression . T_DIVIDE expression
   18           | expression . T_LSHIFT expression
   19           | expression . T_RSHIFT expression
   20           | expression . T_CARET expression
   21           | expression . T_AMPERSAND expression
   22           | expression . T_PIPE expression

    T_PLUS       shift, and go to state 59
    T_MINUS      shift, and go to state 60
    T_TIMES      shift, and go to state 61
    T_DIVIDE     shift, and go to state 62
    T_LSHIFT     shift, and go to state 63
    T_RSHIFT     shift, and go to state 64
    T_AMPERSAND  shift, and go to state 65
    T_CARET      shift, and go to state 66
    T_PIPE       shift, and go to state 67

    $default  reduce using rule 3 (directive)


State 56

    4 directive: T_ALIAS16 T_IDENTIFIER T_EQUAL expression .
   14 expression: expression . T_PLUS expression
   15           | expression . T_MINUS expression
   16           | expression . T_TIMES expression
   17           | expression . T_DIVIDE expression
   18           | expression . T_LSHIFT expression
   19           | expression . T_RSHIFT expression
   20           | expression . T_CARET expression
   21           | expression . T_AMPERSAND expression
   22           | expression . T_PIPE expression

    T_PLUS       shift, and go to state 59
    T_MINUS      shift, and go to state 60
    T_TIMES      shift, and go to state 61
    T_DIVIDE     shift, and go to state 62
    T_LSHIFT     shift, and go to state 63
    T_RSHIFT     shift, and go to state 64
    T_AMPERSAND  shift, and go to state 65
    T_CARET      shift, and go to state 66
    T_PIPE       shift, and go to state 67

    $default  reduce using rule 4 (directive)


State 57

   14 expression: expression . T_PLUS expression
   15           | expression . T_MINUS expression
   16           | expression . T_TIMES expression
   17           | expression . T_DIVIDE expression
   18           | expression . T_LSHIFT expression
   19           | expression . T_RSHIFT expression
   20           | expression . T_CARET expression
   21           | expression . T_AMPERSAND expression
   22           | expression . T_PIPE expression
   23           | T_MINUS expression .

    $default  reduce using rule 23 (expression)


State 58

   14 expression: expression . T_PLUS expression
   15           | expression . T_MINUS expression
   16           | expression . T_TIMES expression
   17           | expression . T_DIVIDE expression
   18           | expression . T_LSHIFT expression
   19           | expression . T_RSHIFT expression
   20           | expression . T_CARET expression
   21           | expression . T_AMPERSAND expression
   22           | expression . T_PIPE expression
   24           | T_TILDE expression .

    $default  reduce using rule 24 (expression)


State 59

   14 expression: expression T_PLUS . expression

    T_INT         shift, and go to state 24
    T_IDENTIFIER  shift, and go to state 25
    T_MINUS       shift, and go to state 46
    T_TILDE       shift, and go to state 47
    T_LPAREN      shift, and go to state 34
    T_LBRACK      shift, and go to state 35

    number      go to state 48
    paren_expr  go to state 49
    expression  go to state 70


State 60

   15 expression: expression T_MINUS . expression

    T_INT         shift, and go to state 24
    T_IDENTIFIER  shift, and go to state 25
    T_MINUS       shift, and go to state 46
    T_TILDE       shift, and go to state 47
    T_LPAREN      shift, and go to state 34
    T_LBRACK      shift, and go to state 35

    number      go to state 48
    paren_expr  go to state 49
    expression  go to state 71


State 61

   16 expression: expression T_TIMES . expression

    T_INT         shift, and go to state 24
    T_IDENTIFIER  shift, and go to state 25
    T_MINUS       shift, and go to state 46
    T_TILDE       shift, and go to state 47
    T_LPAREN      shift, and go to state 34
    T_LBRACK      shift, and go to state 35

    number      go to state 48
    paren_expr  go to state 49
    expression  go to state 72


State 62

   17 expression: expression T_DIVIDE . expression

    T_INT         shift, and go to state 24
    T_IDENTIFIER  shift, and go to state 25
    T_MINUS       shift, and go to state 46
    T_TILDE       shift, and go to state 47
    T_LPAREN      shift, and go to state 34
    T_LBRACK      shift, and go to state 35

    number      go to state 48
    paren_expr  go to state 49
    expression  go to state 73


State 63

   18 expression: expression T_LSHIFT . expression

    T_INT         shift, and go to state 24
    T_IDENTIFIER  shift, and go to state 25
    T_MINUS       shift, and go to state 46
    T_TILDE       shift, and go to state 47
    T_LPAREN      shift, and go to state 34
    T_LBRACK      shift, and go to state 35

    number      go to state 48
    paren_expr  go to state 49
    expression  go to state 74


State 64

   19 expression: expression T_RSHIFT . expression

    T_INT         shift, and go to state 24
    T_IDENTIFIER  shift, and go to state 25
    T_MINUS       shift, and go to state 46
    T_TILDE       shift, and go to state 47
    T_LPAREN      shift, and go to state 34
    T_LBRACK      shift, and go to state 35

    number      go to state 48
    paren_expr  go to state 49
    expression  go to state 75


State 65

   21 expression: expression T_AMPERSAND . expression

    T_INT         shift, and go to state 24
    T_IDENTIFIER  shift, and go to state 25
    T_MINUS       shift, and go to state 46
    T_TILDE       shift, and go to state 47
    T_LPAREN      shift, and go to state 34
    T_LBRACK      shift, and go to state 35

    number      go to state 48
    paren_expr  go to state 49
    expression  go to state 76


State 66

   20 expression: expression T_CARET . expression

    T_INT         shift, and go to state 24
    T_IDENTIFIER  shift, and go to state 25
    T_MINUS       shift, and go to state 46
    T_TILDE       shift, and go to state 47
    T_LPAREN      shift, and go to state 34
    T_LBRACK      shift, and go to state 35

    number      go to state 48
    paren_expr  go to state 49
    expression  go to state 77


State 67

   22 expression: expression T_PIPE . expression

    T_INT         shift, and go to state 24
    T_IDENTIFIER  shift, and go to state 25
    T_MINUS       shift, and go to state 46
    T_TILDE       shift, and go to state 47
    T_LPAREN      shift, and go to state 34
    T_LBRACK      shift, and go to state 35

    number      go to state 48
    paren_expr  go to state 49
    expression  go to state 78


State 68

   10 paren_expr: T_LPAREN expression T_RPAREN .

    $default  reduce using rule 10 (paren_expr)


State 69

   11 paren_expr: T_LBRACK expression T_RBRACK .

    $default  reduce using rule 11 (paren_expr)


State 70

   14 expression: expression . T_PLUS expression
   14           | expression T_PLUS expression .
   15           | expression . T_MINUS expression
   16           | expression . T_TIMES expression
   17           | expression . T_DIVIDE expression
   18           | expression . T_LSHIFT expression
   19           | expression . T_RSHIFT expression
   20           | expression . T_CARET expression
   21           | expression . T_AMPERSAND expression
   22           | expression . T_PIPE expression

    T_TIMES   shift, and go to state 61
    T_DIVIDE  shift, and go to state 62
    T_LSHIFT  shift, and go to state 63
    T_RSHIFT  shift, and go to state 64

    $default  reduce using rule 14 (expression)


State 71

   14 expression: expression . T_PLUS expression
   15           | expression . T_MINUS expression
   15           | expression T_MINUS expression .
   16           | expression . T_TIMES expression
   17           | expression . T_DIVIDE expression
   18           | expression . T_LSHIFT expression
   19           | expression . T_RSHIFT expression
   20           | expression . T_CARET expression
   21           | expression . T_AMPERSAND expression
   22           | expression . T_PIPE expression

    T_TIMES   shift, and go to state 61
    T_DIVIDE  shift, and go to state 62
    T_LSHIFT  shift, and go to state 63
    T_RSHIFT  shift, and go to state 64

    $default  reduce using rule 15 (expression)


State 72

   14 expression: expression . T_PLUS expression
   15           | expression . T_MINUS expression
   16           | expression . T_TIMES expression
   16           | expression T_TIMES expression .
   17           | expression . T_DIVIDE expression
   18           | expression . T_LSHIFT expression
   19           | expression . T_RSHIFT expression
   20           | expression . T_CARET expression
   21           | expression . T_AMPERSAND expression
   22           | expression . T_PIPE expression

    T_LSHIFT  shift, and go to state 63
    T_RSHIFT  shift, and go to state 64

    $default  reduce using rule 16 (expression)


State 73

   14 expression: expression . T_PLUS expression
   15           | expression . T_MINUS expression
   16           | expression . T_TIMES expression
   17           | expression . T_DIVIDE expression
   17           | expression T_DIVIDE expression .
   18           | expression . T_LSHIFT expression
   19           | expression . T_RSHIFT expression
   20           | expression . T_CARET expression
   21           | expression . T_AMPERSAND expression
   22           | expression . T_PIPE expression

    T_LSHIFT  shift, and go to state 63
    T_RSHIFT  shift, and go to state 64

    $default  reduce using rule 17 (expression)


State 74

   14 expression: expression . T_PLUS expression
   15           | expression . T_MINUS expression
   16           | expression . T_TIMES expression
   17           | expression . T_DIVIDE expression
   18           | expression . T_LSHIFT expression
   18           | expression T_LSHIFT expression .
   19           | expression . T_RSHIFT expression
   20           | expression . T_CARET expression
   21           | expression . T_AMPERSAND expression
   22           | expression . T_PIPE expression

    $default  reduce using rule 18 (expression)


State 75

   14 expression: expression . T_PLUS expression
   15           | expression . T_MINUS expression
   16           | expression . T_TIMES expression
   17           | expression . T_DIVIDE expression
   18           | expression . T_LSHIFT expression
   19           | expression . T_RSHIFT expression
   19           | expression T_RSHIFT expression .
   20           | expression . T_CARET expression
   21           | expression . T_AMPERSAND expression
   22           | expression . T_PIPE expression

    $default  reduce using rule 19 (expression)


State 76

   14 expression: expression . T_PLUS expression
   15           | expression . T_MINUS expression
   16           | expression . T_TIMES expression
   17           | expression . T_DIVIDE expression
   18           | expression . T_LSHIFT expression
   19           | expression . T_RSHIFT expression
   20           | expression . T_CARET expression
   21           | expression . T_AMPERSAND expression
   21           | expression T_AMPERSAND expression .
   22           | expression . T_PIPE expression

    T_PLUS    shift, and go to state 59
    T_MINUS   shift, and go to state 60
    T_TIMES   shift, and go to state 61
    T_DIVIDE  shift, and go to state 62
    T_LSHIFT  shift, and go to state 63
    T_RSHIFT  shift, and go to state 64

    $default  reduce using rule 21 (expression)


State 77

   14 expression: expression . T_PLUS expression
   15           | expression . T_MINUS expression
   16           | expression . T_TIMES expression
   17           | expression . T_DIVIDE expression
   18           | expression . T_LSHIFT expression
   19           | expression . T_RSHIFT expression
   20           | expression . T_CARET expression
   20           | expression T_CARET expression .
   21           | expression . T_AMPERSAND expression
   22           | expression . T_PIPE expression

    T_PLUS       shift, and go to state 59
    T_MINUS      shift, and go to state 60
    T_TIMES      shift, and go to state 61
    T_DIVIDE     shift, and go to state 62
    T_LSHIFT     shift, and go to state 63
    T_RSHIFT     shift, and go to state 64
    T_AMPERSAND  shift, and go to state 65

    $default  reduce using rule 20 (expression)


State 78

   14 expression: expression . T_PLUS expression
   15           | expression . T_MINUS expression
   16           | expression . T_TIMES expression
   17           | expression . T_DIVIDE expression
   18           | expression . T_LSHIFT expression
   19           | expression . T_RSHIFT expression
   20           | expression . T_CARET expression
   21           | expression . T_AMPERSAND expression
   22           | expression . T_PIPE expression
   22           | expression T_PIPE expression .

    T_PLUS       shift, and go to state 59
    T_MINUS      shift, and go to state 60
    T_TIMES      shift, and go to state 61
    T_DIVIDE     shift, and go to state 62
    T_LSHIFT     shift, and go to state 63
    T_RSHIFT     shift, and go to state 64
    T_AMPERSAND  shift, and go to state 65
    T_CARET      shift, and go to state 66

    $default  reduce using rule 22 (expression)
